<?xml version="1.0" encoding="UTF-8"?>
<!-- Generated by org.testng.reporters.JUnitXMLReporter -->
<testsuite ignored="0" hostname="DESKTOP-B84KNI1" failures="0" tests="3" name="Test" time="37.395" errors="0" timestamp="2024-03-21T19:23:32 IST">
  <testcase classname="cricket.CrickInfoTest" name="crickinfo" time="19.939"/>
  <testcase classname="cricket.BcciTest" name="bcci" time="10.763"/>
  <testcase classname="cricket.CrickHeroesTest" name="crickHeroes" time="6.596"/>
</testsuite> <!-- Test -->
